mode: atomic
github.com/crstian19/gluetun-exporter/main.go:30.13,32.16 2 0
github.com/crstian19/gluetun-exporter/main.go:32.16,35.3 2 0
github.com/crstian19/gluetun-exporter/main.go:37.2,41.21 4 0
github.com/crstian19/gluetun-exporter/main.go:41.21,44.3 2 0
github.com/crstian19/gluetun-exporter/main.go:46.2,52.73 6 0
github.com/crstian19/gluetun-exporter/main.go:52.73,55.3 2 0
github.com/crstian19/gluetun-exporter/main.go:56.2,56.67 1 0
github.com/crstian19/gluetun-exporter/main.go:56.67,57.24 1 0
github.com/crstian19/gluetun-exporter/main.go:57.24,60.4 2 0
github.com/crstian19/gluetun-exporter/main.go:61.3,77.58 2 0
github.com/crstian19/gluetun-exporter/main.go:80.2,91.12 4 0
github.com/crstian19/gluetun-exporter/main.go:91.12,99.90 2 0
github.com/crstian19/gluetun-exporter/main.go:99.90,102.4 2 0
github.com/crstian19/gluetun-exporter/main.go:105.2,109.45 5 0
github.com/crstian19/gluetun-exporter/main.go:109.45,111.3 1 0
github.com/crstian19/gluetun-exporter/main.go:112.2,112.31 1 0
github.com/crstian19/gluetun-exporter/main.go:116.45,117.15 1 0
github.com/crstian19/gluetun-exporter/main.go:118.15,119.25 1 0
github.com/crstian19/gluetun-exporter/main.go:120.14,121.24 1 0
github.com/crstian19/gluetun-exporter/main.go:122.15,123.25 1 0
github.com/crstian19/gluetun-exporter/main.go:124.10,125.24 1 0
github.com/crstian19/gluetun-exporter/internal/config/config.go:22.30,24.2 1 0
github.com/crstian19/gluetun-exporter/internal/config/config.go:29.47,47.39 9 4
github.com/crstian19/gluetun-exporter/internal/config/config.go:47.39,49.3 1 0
github.com/crstian19/gluetun-exporter/internal/config/config.go:51.2,51.26 1 4
github.com/crstian19/gluetun-exporter/internal/config/config.go:51.26,53.3 1 1
github.com/crstian19/gluetun-exporter/internal/config/config.go:55.2,55.17 1 3
github.com/crstian19/gluetun-exporter/internal/config/config.go:60.46,61.48 1 22
github.com/crstian19/gluetun-exporter/internal/config/config.go:61.48,63.3 1 7
github.com/crstian19/gluetun-exporter/internal/config/config.go:64.2,64.21 1 15
github.com/crstian19/gluetun-exporter/internal/collector/gluetun.go:49.90,122.2 2 0
github.com/crstian19/gluetun-exporter/internal/collector/gluetun.go:125.65,139.2 13 0
github.com/crstian19/gluetun-exporter/internal/collector/gluetun.go:142.65,150.16 5 0
github.com/crstian19/gluetun-exporter/internal/collector/gluetun.go:150.16,154.3 3 0
github.com/crstian19/gluetun-exporter/internal/collector/gluetun.go:154.8,156.33 2 0
github.com/crstian19/gluetun-exporter/internal/collector/gluetun.go:156.33,158.4 1 0
github.com/crstian19/gluetun-exporter/internal/collector/gluetun.go:159.3,159.88 1 0
github.com/crstian19/gluetun-exporter/internal/collector/gluetun.go:163.2,164.16 2 0
github.com/crstian19/gluetun-exporter/internal/collector/gluetun.go:164.16,166.3 1 0
github.com/crstian19/gluetun-exporter/internal/collector/gluetun.go:166.8,166.30 1 0
github.com/crstian19/gluetun-exporter/internal/collector/gluetun.go:166.30,173.3 1 0
github.com/crstian19/gluetun-exporter/internal/collector/gluetun.go:176.2,177.16 2 0
github.com/crstian19/gluetun-exporter/internal/collector/gluetun.go:177.16,179.3 1 0
github.com/crstian19/gluetun-exporter/internal/collector/gluetun.go:179.8,179.24 1 0
github.com/crstian19/gluetun-exporter/internal/collector/gluetun.go:179.24,186.3 1 0
github.com/crstian19/gluetun-exporter/internal/collector/gluetun.go:189.2,190.16 2 0
github.com/crstian19/gluetun-exporter/internal/collector/gluetun.go:190.16,193.3 2 0
github.com/crstian19/gluetun-exporter/internal/collector/gluetun.go:193.8,203.3 9 0
github.com/crstian19/gluetun-exporter/internal/collector/gluetun.go:205.2,206.28 2 0
github.com/crstian19/gluetun-exporter/internal/collector/gluetun.go:230.78,232.16 2 4
github.com/crstian19/gluetun-exporter/internal/collector/gluetun.go:232.16,234.3 1 1
github.com/crstian19/gluetun-exporter/internal/collector/gluetun.go:235.2,235.15 1 3
github.com/crstian19/gluetun-exporter/internal/collector/gluetun.go:235.15,236.37 1 3
github.com/crstian19/gluetun-exporter/internal/collector/gluetun.go:236.37,238.4 1 0
github.com/crstian19/gluetun-exporter/internal/collector/gluetun.go:241.2,242.21 2 3
github.com/crstian19/gluetun-exporter/internal/collector/gluetun.go:242.21,244.46 2 11
github.com/crstian19/gluetun-exporter/internal/collector/gluetun.go:244.46,245.12 1 9
github.com/crstian19/gluetun-exporter/internal/collector/gluetun.go:248.3,249.23 2 2
github.com/crstian19/gluetun-exporter/internal/collector/gluetun.go:249.23,251.4 1 1
github.com/crstian19/gluetun-exporter/internal/collector/gluetun.go:253.3,253.43 1 1
github.com/crstian19/gluetun-exporter/internal/collector/gluetun.go:253.43,253.82 1 8
github.com/crstian19/gluetun-exporter/internal/collector/gluetun.go:255.3,257.62 3 1
github.com/crstian19/gluetun-exporter/internal/collector/gluetun.go:257.62,259.4 1 0
github.com/crstian19/gluetun-exporter/internal/collector/gluetun.go:260.3,260.64 1 1
github.com/crstian19/gluetun-exporter/internal/collector/gluetun.go:260.64,262.4 1 0
github.com/crstian19/gluetun-exporter/internal/collector/gluetun.go:263.3,263.63 1 1
github.com/crstian19/gluetun-exporter/internal/collector/gluetun.go:263.63,265.4 1 0
github.com/crstian19/gluetun-exporter/internal/collector/gluetun.go:266.3,266.64 1 1
github.com/crstian19/gluetun-exporter/internal/collector/gluetun.go:266.64,268.4 1 0
github.com/crstian19/gluetun-exporter/internal/collector/gluetun.go:269.3,269.62 1 1
github.com/crstian19/gluetun-exporter/internal/collector/gluetun.go:269.62,271.4 1 0
github.com/crstian19/gluetun-exporter/internal/collector/gluetun.go:272.3,272.64 1 1
github.com/crstian19/gluetun-exporter/internal/collector/gluetun.go:272.64,274.4 1 0
github.com/crstian19/gluetun-exporter/internal/collector/gluetun.go:275.3,275.64 1 1
github.com/crstian19/gluetun-exporter/internal/collector/gluetun.go:275.64,277.4 1 0
github.com/crstian19/gluetun-exporter/internal/collector/gluetun.go:278.3,278.65 1 1
github.com/crstian19/gluetun-exporter/internal/collector/gluetun.go:278.65,280.4 1 0
github.com/crstian19/gluetun-exporter/internal/collector/gluetun.go:282.3,282.17 1 1
github.com/crstian19/gluetun-exporter/internal/collector/gluetun.go:285.2,285.78 1 1
github.com/crstian19/gluetun-exporter/internal/gluetun/client.go:21.40,26.2 1 5
github.com/crstian19/gluetun-exporter/internal/gluetun/client.go:45.72,47.62 2 2
github.com/crstian19/gluetun-exporter/internal/gluetun/client.go:47.62,49.3 1 1
github.com/crstian19/gluetun-exporter/internal/gluetun/client.go:50.2,50.21 1 1
github.com/crstian19/gluetun-exporter/internal/gluetun/client.go:54.70,56.59 2 1
github.com/crstian19/gluetun-exporter/internal/gluetun/client.go:56.59,58.3 1 0
github.com/crstian19/gluetun-exporter/internal/gluetun/client.go:59.2,59.17 1 1
github.com/crstian19/gluetun-exporter/internal/gluetun/client.go:68.82,70.69 2 2
github.com/crstian19/gluetun-exporter/internal/gluetun/client.go:70.69,72.3 1 1
github.com/crstian19/gluetun-exporter/internal/gluetun/client.go:73.2,73.17 1 1
github.com/crstian19/gluetun-exporter/internal/gluetun/client.go:76.71,78.16 2 5
github.com/crstian19/gluetun-exporter/internal/gluetun/client.go:78.16,80.3 1 0
github.com/crstian19/gluetun-exporter/internal/gluetun/client.go:82.2,83.16 2 5
github.com/crstian19/gluetun-exporter/internal/gluetun/client.go:83.16,85.3 1 0
github.com/crstian19/gluetun-exporter/internal/gluetun/client.go:86.2,86.15 1 5
github.com/crstian19/gluetun-exporter/internal/gluetun/client.go:86.15,86.40 1 5
github.com/crstian19/gluetun-exporter/internal/gluetun/client.go:88.2,88.38 1 5
github.com/crstian19/gluetun-exporter/internal/gluetun/client.go:88.38,90.3 1 2
github.com/crstian19/gluetun-exporter/internal/gluetun/client.go:92.2,92.63 1 3
github.com/crstian19/gluetun-exporter/internal/gluetun/client.go:92.63,94.3 1 0
github.com/crstian19/gluetun-exporter/internal/gluetun/client.go:96.2,96.12 1 3
